{"/Users/joshrutta/Desktop/fullstackopen/part5/blog-list-frontend/src/App.js": {"path":"/Users/joshrutta/Desktop/fullstackopen/part5/blog-list-frontend/src/App.js","statementMap":{"0":{"start":{"line":11,"column":12},"end":{"line":175,"column":1}},"1":{"start":{"line":12,"column":30},"end":{"line":12,"column":42}},"2":{"start":{"line":13,"column":42},"end":{"line":13,"column":54}},"3":{"start":{"line":14,"column":34},"end":{"line":14,"column":48}},"4":{"start":{"line":15,"column":28},"end":{"line":15,"column":42}},"5":{"start":{"line":17,"column":36},"end":{"line":17,"column":48}},"6":{"start":{"line":18,"column":36},"end":{"line":18,"column":48}},"7":{"start":{"line":20,"column":4},"end":{"line":27,"column":10}},"8":{"start":{"line":21,"column":31},"end":{"line":21,"column":79}},"9":{"start":{"line":22,"column":8},"end":{"line":26,"column":9}},"10":{"start":{"line":23,"column":25},"end":{"line":23,"column":51}},"11":{"start":{"line":24,"column":12},"end":{"line":24,"column":25}},"12":{"start":{"line":25,"column":12},"end":{"line":25,"column":44}},"13":{"start":{"line":29,"column":4},"end":{"line":36,"column":10}},"14":{"start":{"line":30,"column":8},"end":{"line":35,"column":10}},"15":{"start":{"line":31,"column":12},"end":{"line":31,"column":66}},"16":{"start":{"line":31,"column":35},"end":{"line":31,"column":65}},"17":{"start":{"line":32,"column":34},"end":{"line":32,"column":65}},"18":{"start":{"line":32,"column":55},"end":{"line":32,"column":64}},"19":{"start":{"line":33,"column":12},"end":{"line":33,"column":35}},"20":{"start":{"line":38,"column":24},"end":{"line":62,"column":5}},"21":{"start":{"line":39,"column":8},"end":{"line":39,"column":30}},"22":{"start":{"line":41,"column":8},"end":{"line":61,"column":9}},"23":{"start":{"line":42,"column":25},"end":{"line":44,"column":14}},"24":{"start":{"line":46,"column":12},"end":{"line":48,"column":13}},"25":{"start":{"line":50,"column":12},"end":{"line":50,"column":44}},"26":{"start":{"line":52,"column":12},"end":{"line":52,"column":25}},"27":{"start":{"line":53,"column":12},"end":{"line":53,"column":27}},"28":{"start":{"line":54,"column":12},"end":{"line":54,"column":27}},"29":{"start":{"line":56,"column":12},"end":{"line":56,"column":35}},"30":{"start":{"line":57,"column":12},"end":{"line":57,"column":52}},"31":{"start":{"line":58,"column":12},"end":{"line":60,"column":20}},"32":{"start":{"line":59,"column":16},"end":{"line":59,"column":32}},"33":{"start":{"line":64,"column":22},"end":{"line":74,"column":5}},"34":{"start":{"line":65,"column":8},"end":{"line":73,"column":20}},"35":{"start":{"line":69,"column":54},"end":{"line":69,"column":79}},"36":{"start":{"line":70,"column":54},"end":{"line":70,"column":79}},"37":{"start":{"line":76,"column":26},"end":{"line":93,"column":5}},"38":{"start":{"line":77,"column":8},"end":{"line":92,"column":9}},"39":{"start":{"line":78,"column":12},"end":{"line":78,"column":50}},"40":{"start":{"line":79,"column":35},"end":{"line":79,"column":71}},"41":{"start":{"line":80,"column":12},"end":{"line":80,"column":50}},"42":{"start":{"line":81,"column":12},"end":{"line":81,"column":88}},"43":{"start":{"line":82,"column":12},"end":{"line":82,"column":37}},"44":{"start":{"line":83,"column":12},"end":{"line":85,"column":20}},"45":{"start":{"line":84,"column":16},"end":{"line":84,"column":32}},"46":{"start":{"line":87,"column":12},"end":{"line":87,"column":35}},"47":{"start":{"line":88,"column":12},"end":{"line":88,"column":47}},"48":{"start":{"line":89,"column":12},"end":{"line":91,"column":20}},"49":{"start":{"line":90,"column":16},"end":{"line":90,"column":32}},"50":{"start":{"line":95,"column":29},"end":{"line":114,"column":5}},"51":{"start":{"line":96,"column":32},"end":{"line":96,"column":75}},"52":{"start":{"line":96,"column":53},"end":{"line":96,"column":71}},"53":{"start":{"line":97,"column":8},"end":{"line":113,"column":9}},"54":{"start":{"line":98,"column":12},"end":{"line":112,"column":13}},"55":{"start":{"line":99,"column":16},"end":{"line":99,"column":48}},"56":{"start":{"line":100,"column":16},"end":{"line":100,"column":66}},"57":{"start":{"line":100,"column":46},"end":{"line":100,"column":64}},"58":{"start":{"line":101,"column":16},"end":{"line":101,"column":104}},"59":{"start":{"line":102,"column":16},"end":{"line":102,"column":41}},"60":{"start":{"line":103,"column":16},"end":{"line":105,"column":24}},"61":{"start":{"line":104,"column":20},"end":{"line":104,"column":36}},"62":{"start":{"line":107,"column":16},"end":{"line":107,"column":39}},"63":{"start":{"line":108,"column":16},"end":{"line":108,"column":49}},"64":{"start":{"line":109,"column":16},"end":{"line":111,"column":24}},"65":{"start":{"line":110,"column":20},"end":{"line":110,"column":36}},"66":{"start":{"line":116,"column":23},"end":{"line":134,"column":5}},"67":{"start":{"line":117,"column":8},"end":{"line":133,"column":9}},"68":{"start":{"line":118,"column":36},"end":{"line":118,"column":79}},"69":{"start":{"line":118,"column":57},"end":{"line":118,"column":75}},"70":{"start":{"line":119,"column":32},"end":{"line":119,"column":119}},"71":{"start":{"line":121,"column":55},"end":{"line":121,"column":66}},"72":{"start":{"line":122,"column":33},"end":{"line":122,"column":89}},"73":{"start":{"line":123,"column":28},"end":{"line":123,"column":68}},"74":{"start":{"line":123,"column":49},"end":{"line":123,"column":67}},"75":{"start":{"line":124,"column":12},"end":{"line":124,"column":54}},"76":{"start":{"line":125,"column":12},"end":{"line":125,"column":70}},"77":{"start":{"line":125,"column":39},"end":{"line":125,"column":69}},"78":{"start":{"line":126,"column":12},"end":{"line":126,"column":31}},"79":{"start":{"line":128,"column":12},"end":{"line":128,"column":35}},"80":{"start":{"line":129,"column":12},"end":{"line":129,"column":43}},"81":{"start":{"line":130,"column":12},"end":{"line":132,"column":20}},"82":{"start":{"line":131,"column":16},"end":{"line":131,"column":32}},"83":{"start":{"line":136,"column":24},"end":{"line":136,"column":32}},"84":{"start":{"line":138,"column":30},"end":{"line":144,"column":5}},"85":{"start":{"line":139,"column":8},"end":{"line":143,"column":20}},"86":{"start":{"line":146,"column":4},"end":{"line":174,"column":5}},"87":{"start":{"line":160,"column":24},"end":{"line":163,"column":83}},"88":{"start":{"line":162,"column":57},"end":{"line":162,"column":89}},"89":{"start":{"line":163,"column":53},"end":{"line":163,"column":79}},"90":{"start":{"line":167,"column":24},"end":{"line":167,"column":75}},"91":{"start":{"line":168,"column":24},"end":{"line":168,"column":37}}},"fnMap":{"0":{"name":"(anonymous_0)","decl":{"start":{"line":11,"column":12},"end":{"line":11,"column":13}},"loc":{"start":{"line":11,"column":18},"end":{"line":175,"column":1}},"line":11},"1":{"name":"(anonymous_1)","decl":{"start":{"line":20,"column":14},"end":{"line":20,"column":15}},"loc":{"start":{"line":20,"column":20},"end":{"line":27,"column":5}},"line":20},"2":{"name":"(anonymous_2)","decl":{"start":{"line":29,"column":14},"end":{"line":29,"column":15}},"loc":{"start":{"line":29,"column":20},"end":{"line":36,"column":5}},"line":29},"3":{"name":"(anonymous_3)","decl":{"start":{"line":30,"column":34},"end":{"line":30,"column":35}},"loc":{"start":{"line":30,"column":43},"end":{"line":35,"column":9}},"line":30},"4":{"name":"(anonymous_4)","decl":{"start":{"line":31,"column":23},"end":{"line":31,"column":24}},"loc":{"start":{"line":31,"column":35},"end":{"line":31,"column":65}},"line":31},"5":{"name":"(anonymous_5)","decl":{"start":{"line":32,"column":47},"end":{"line":32,"column":48}},"loc":{"start":{"line":32,"column":55},"end":{"line":32,"column":64}},"line":32},"6":{"name":"(anonymous_6)","decl":{"start":{"line":38,"column":24},"end":{"line":38,"column":25}},"loc":{"start":{"line":38,"column":41},"end":{"line":62,"column":5}},"line":38},"7":{"name":"(anonymous_7)","decl":{"start":{"line":58,"column":23},"end":{"line":58,"column":24}},"loc":{"start":{"line":58,"column":29},"end":{"line":60,"column":13}},"line":58},"8":{"name":"(anonymous_8)","decl":{"start":{"line":64,"column":22},"end":{"line":64,"column":23}},"loc":{"start":{"line":65,"column":8},"end":{"line":73,"column":20}},"line":65},"9":{"name":"(anonymous_9)","decl":{"start":{"line":69,"column":38},"end":{"line":69,"column":39}},"loc":{"start":{"line":69,"column":54},"end":{"line":69,"column":79}},"line":69},"10":{"name":"(anonymous_10)","decl":{"start":{"line":70,"column":38},"end":{"line":70,"column":39}},"loc":{"start":{"line":70,"column":54},"end":{"line":70,"column":79}},"line":70},"11":{"name":"(anonymous_11)","decl":{"start":{"line":76,"column":26},"end":{"line":76,"column":27}},"loc":{"start":{"line":76,"column":48},"end":{"line":93,"column":5}},"line":76},"12":{"name":"(anonymous_12)","decl":{"start":{"line":83,"column":23},"end":{"line":83,"column":24}},"loc":{"start":{"line":83,"column":29},"end":{"line":85,"column":13}},"line":83},"13":{"name":"(anonymous_13)","decl":{"start":{"line":89,"column":23},"end":{"line":89,"column":24}},"loc":{"start":{"line":89,"column":29},"end":{"line":91,"column":13}},"line":89},"14":{"name":"(anonymous_14)","decl":{"start":{"line":95,"column":29},"end":{"line":95,"column":30}},"loc":{"start":{"line":95,"column":54},"end":{"line":114,"column":5}},"line":95},"15":{"name":"(anonymous_15)","decl":{"start":{"line":96,"column":45},"end":{"line":96,"column":46}},"loc":{"start":{"line":96,"column":53},"end":{"line":96,"column":71}},"line":96},"16":{"name":"(anonymous_16)","decl":{"start":{"line":100,"column":38},"end":{"line":100,"column":39}},"loc":{"start":{"line":100,"column":46},"end":{"line":100,"column":64}},"line":100},"17":{"name":"(anonymous_17)","decl":{"start":{"line":103,"column":27},"end":{"line":103,"column":28}},"loc":{"start":{"line":103,"column":33},"end":{"line":105,"column":17}},"line":103},"18":{"name":"(anonymous_18)","decl":{"start":{"line":109,"column":27},"end":{"line":109,"column":28}},"loc":{"start":{"line":109,"column":33},"end":{"line":111,"column":17}},"line":109},"19":{"name":"(anonymous_19)","decl":{"start":{"line":116,"column":23},"end":{"line":116,"column":24}},"loc":{"start":{"line":116,"column":48},"end":{"line":134,"column":5}},"line":116},"20":{"name":"(anonymous_20)","decl":{"start":{"line":118,"column":49},"end":{"line":118,"column":50}},"loc":{"start":{"line":118,"column":57},"end":{"line":118,"column":75}},"line":118},"21":{"name":"(anonymous_21)","decl":{"start":{"line":123,"column":41},"end":{"line":123,"column":42}},"loc":{"start":{"line":123,"column":49},"end":{"line":123,"column":67}},"line":123},"22":{"name":"(anonymous_22)","decl":{"start":{"line":125,"column":27},"end":{"line":125,"column":28}},"loc":{"start":{"line":125,"column":39},"end":{"line":125,"column":69}},"line":125},"23":{"name":"(anonymous_23)","decl":{"start":{"line":130,"column":23},"end":{"line":130,"column":24}},"loc":{"start":{"line":130,"column":29},"end":{"line":132,"column":13}},"line":130},"24":{"name":"(anonymous_24)","decl":{"start":{"line":138,"column":30},"end":{"line":138,"column":31}},"loc":{"start":{"line":139,"column":8},"end":{"line":143,"column":20}},"line":139},"25":{"name":"(anonymous_25)","decl":{"start":{"line":159,"column":31},"end":{"line":159,"column":32}},"loc":{"start":{"line":160,"column":24},"end":{"line":163,"column":83}},"line":160},"26":{"name":"(anonymous_26)","decl":{"start":{"line":162,"column":46},"end":{"line":162,"column":47}},"loc":{"start":{"line":162,"column":57},"end":{"line":162,"column":89}},"line":162},"27":{"name":"(anonymous_27)","decl":{"start":{"line":163,"column":42},"end":{"line":163,"column":43}},"loc":{"start":{"line":163,"column":53},"end":{"line":163,"column":79}},"line":163},"28":{"name":"(anonymous_28)","decl":{"start":{"line":166,"column":37},"end":{"line":166,"column":38}},"loc":{"start":{"line":166,"column":43},"end":{"line":169,"column":21}},"line":166}},"branchMap":{"0":{"loc":{"start":{"line":22,"column":8},"end":{"line":26,"column":9}},"type":"if","locations":[{"start":{"line":22,"column":8},"end":{"line":26,"column":9}},{"start":{},"end":{}}],"line":22},"1":{"loc":{"start":{"line":31,"column":35},"end":{"line":31,"column":65}},"type":"cond-expr","locations":[{"start":{"line":31,"column":59},"end":{"line":31,"column":60}},{"start":{"line":31,"column":63},"end":{"line":31,"column":65}}],"line":31},"2":{"loc":{"start":{"line":97,"column":8},"end":{"line":113,"column":9}},"type":"if","locations":[{"start":{"line":97,"column":8},"end":{"line":113,"column":9}},{"start":{},"end":{}}],"line":97},"3":{"loc":{"start":{"line":125,"column":39},"end":{"line":125,"column":69}},"type":"cond-expr","locations":[{"start":{"line":125,"column":63},"end":{"line":125,"column":64}},{"start":{"line":125,"column":67},"end":{"line":125,"column":69}}],"line":125},"4":{"loc":{"start":{"line":149,"column":13},"end":{"line":172,"column":22}},"type":"cond-expr","locations":[{"start":{"line":150,"column":16},"end":{"line":150,"column":27}},{"start":{"line":152,"column":16},"end":{"line":172,"column":22}}],"line":149}},"s":{"0":0,"1":0,"2":0,"3":0,"4":0,"5":0,"6":0,"7":0,"8":0,"9":0,"10":0,"11":0,"12":0,"13":0,"14":0,"15":0,"16":0,"17":0,"18":0,"19":0,"20":0,"21":0,"22":0,"23":0,"24":0,"25":0,"26":0,"27":0,"28":0,"29":0,"30":0,"31":0,"32":0,"33":0,"34":0,"35":0,"36":0,"37":0,"38":0,"39":0,"40":0,"41":0,"42":0,"43":0,"44":0,"45":0,"46":0,"47":0,"48":0,"49":0,"50":0,"51":0,"52":0,"53":0,"54":0,"55":0,"56":0,"57":0,"58":0,"59":0,"60":0,"61":0,"62":0,"63":0,"64":0,"65":0,"66":0,"67":0,"68":0,"69":0,"70":0,"71":0,"72":0,"73":0,"74":0,"75":0,"76":0,"77":0,"78":0,"79":0,"80":0,"81":0,"82":0,"83":0,"84":0,"85":0,"86":0,"87":0,"88":0,"89":0,"90":0,"91":0},"f":{"0":0,"1":0,"2":0,"3":0,"4":0,"5":0,"6":0,"7":0,"8":0,"9":0,"10":0,"11":0,"12":0,"13":0,"14":0,"15":0,"16":0,"17":0,"18":0,"19":0,"20":0,"21":0,"22":0,"23":0,"24":0,"25":0,"26":0,"27":0,"28":0},"b":{"0":[0,0],"1":[0,0],"2":[0,0],"3":[0,0],"4":[0,0]}}
,"/Users/joshrutta/Desktop/fullstackopen/part5/blog-list-frontend/src/index.js": {"path":"/Users/joshrutta/Desktop/fullstackopen/part5/blog-list-frontend/src/index.js","statementMap":{"0":{"start":{"line":6,"column":0},"end":{"line":6,"column":68}}},"fnMap":{},"branchMap":{},"s":{"0":0},"f":{},"b":{}}
,"/Users/joshrutta/Desktop/fullstackopen/part5/blog-list-frontend/src/components/Blog.js": {"path":"/Users/joshrutta/Desktop/fullstackopen/part5/blog-list-frontend/src/components/Blog.js","statementMap":{"0":{"start":{"line":3,"column":13},"end":{"line":46,"column":1}},"1":{"start":{"line":4,"column":22},"end":{"line":10,"column":5}},"2":{"start":{"line":12,"column":34},"end":{"line":12,"column":49}},"3":{"start":{"line":14,"column":28},"end":{"line":14,"column":62}},"4":{"start":{"line":15,"column":28},"end":{"line":15,"column":62}},"5":{"start":{"line":17,"column":25},"end":{"line":19,"column":5}},"6":{"start":{"line":18,"column":8},"end":{"line":18,"column":28}},"7":{"start":{"line":22,"column":4},"end":{"line":45,"column":5}}},"fnMap":{"0":{"name":"(anonymous_0)","decl":{"start":{"line":3,"column":13},"end":{"line":3,"column":14}},"loc":{"start":{"line":3,"column":57},"end":{"line":46,"column":1}},"line":3},"1":{"name":"(anonymous_1)","decl":{"start":{"line":17,"column":25},"end":{"line":17,"column":26}},"loc":{"start":{"line":17,"column":31},"end":{"line":19,"column":5}},"line":17}},"branchMap":{"0":{"loc":{"start":{"line":14,"column":39},"end":{"line":14,"column":60}},"type":"cond-expr","locations":[{"start":{"line":14,"column":49},"end":{"line":14,"column":55}},{"start":{"line":14,"column":58},"end":{"line":14,"column":60}}],"line":14},"1":{"loc":{"start":{"line":15,"column":39},"end":{"line":15,"column":60}},"type":"cond-expr","locations":[{"start":{"line":15,"column":49},"end":{"line":15,"column":51}},{"start":{"line":15,"column":54},"end":{"line":15,"column":60}}],"line":15}},"s":{"0":1,"1":4,"2":4,"3":4,"4":4,"5":4,"6":1,"7":4},"f":{"0":4,"1":1},"b":{"0":[1,3],"1":[1,3]},"_coverageSchema":"1a1c01bbd47fc00a2c39e90264f33305004495a9","hash":"193eaca92df2f7da8846979a8b29a083d17e34a4"}
,"/Users/joshrutta/Desktop/fullstackopen/part5/blog-list-frontend/src/components/BlogForm.js": {"path":"/Users/joshrutta/Desktop/fullstackopen/part5/blog-list-frontend/src/components/BlogForm.js","statementMap":{"0":{"start":{"line":3,"column":17},"end":{"line":48,"column":1}},"1":{"start":{"line":4,"column":30},"end":{"line":4,"column":42}},"2":{"start":{"line":5,"column":32},"end":{"line":5,"column":44}},"3":{"start":{"line":6,"column":26},"end":{"line":6,"column":38}},"4":{"start":{"line":8,"column":20},"end":{"line":17,"column":5}},"5":{"start":{"line":9,"column":8},"end":{"line":9,"column":30}},"6":{"start":{"line":10,"column":8},"end":{"line":12,"column":10}},"7":{"start":{"line":14,"column":8},"end":{"line":14,"column":20}},"8":{"start":{"line":15,"column":8},"end":{"line":15,"column":21}},"9":{"start":{"line":16,"column":8},"end":{"line":16,"column":18}},"10":{"start":{"line":19,"column":4},"end":{"line":47,"column":5}},"11":{"start":{"line":27,"column":46},"end":{"line":27,"column":68}},"12":{"start":{"line":35,"column":46},"end":{"line":35,"column":69}},"13":{"start":{"line":43,"column":46},"end":{"line":43,"column":66}}},"fnMap":{"0":{"name":"(anonymous_0)","decl":{"start":{"line":3,"column":17},"end":{"line":3,"column":18}},"loc":{"start":{"line":3,"column":40},"end":{"line":48,"column":1}},"line":3},"1":{"name":"(anonymous_1)","decl":{"start":{"line":8,"column":20},"end":{"line":8,"column":21}},"loc":{"start":{"line":8,"column":37},"end":{"line":17,"column":5}},"line":8},"2":{"name":"(anonymous_2)","decl":{"start":{"line":27,"column":30},"end":{"line":27,"column":31}},"loc":{"start":{"line":27,"column":46},"end":{"line":27,"column":68}},"line":27},"3":{"name":"(anonymous_3)","decl":{"start":{"line":35,"column":30},"end":{"line":35,"column":31}},"loc":{"start":{"line":35,"column":46},"end":{"line":35,"column":69}},"line":35},"4":{"name":"(anonymous_4)","decl":{"start":{"line":43,"column":30},"end":{"line":43,"column":31}},"loc":{"start":{"line":43,"column":46},"end":{"line":43,"column":66}},"line":43}},"branchMap":{},"s":{"0":1,"1":31,"2":31,"3":31,"4":31,"5":1,"6":1,"7":1,"8":1,"9":1,"10":31,"11":10,"12":11,"13":8},"f":{"0":31,"1":1,"2":10,"3":11,"4":8},"b":{},"_coverageSchema":"1a1c01bbd47fc00a2c39e90264f33305004495a9","hash":"cf6f84a820a103d5ccc0cea289ee09435cce14f1"}
,"/Users/joshrutta/Desktop/fullstackopen/part5/blog-list-frontend/src/components/LoginForm.js": {"path":"/Users/joshrutta/Desktop/fullstackopen/part5/blog-list-frontend/src/components/LoginForm.js","statementMap":{"0":{"start":{"line":4,"column":18},"end":{"line":31,"column":1}},"1":{"start":{"line":9,"column":4},"end":{"line":30,"column":10}},"2":{"start":{"line":33,"column":0},"end":{"line":39,"column":1}}},"fnMap":{"0":{"name":"(anonymous_0)","decl":{"start":{"line":4,"column":18},"end":{"line":4,"column":19}},"loc":{"start":{"line":9,"column":4},"end":{"line":30,"column":10}},"line":9}},"branchMap":{},"s":{"0":0,"1":0,"2":0},"f":{"0":0},"b":{}}
,"/Users/joshrutta/Desktop/fullstackopen/part5/blog-list-frontend/src/components/Notification.js": {"path":"/Users/joshrutta/Desktop/fullstackopen/part5/blog-list-frontend/src/components/Notification.js","statementMap":{"0":{"start":{"line":1,"column":21},"end":{"line":21,"column":1}},"1":{"start":{"line":2,"column":4},"end":{"line":4,"column":5}},"2":{"start":{"line":3,"column":8},"end":{"line":3,"column":19}},"3":{"start":{"line":6,"column":4},"end":{"line":12,"column":5}},"4":{"start":{"line":7,"column":8},"end":{"line":11,"column":9}},"5":{"start":{"line":14,"column":4},"end":{"line":20,"column":5}},"6":{"start":{"line":15,"column":8},"end":{"line":19,"column":9}}},"fnMap":{"0":{"name":"(anonymous_0)","decl":{"start":{"line":1,"column":21},"end":{"line":1,"column":22}},"loc":{"start":{"line":1,"column":51},"end":{"line":21,"column":1}},"line":1}},"branchMap":{"0":{"loc":{"start":{"line":2,"column":4},"end":{"line":4,"column":5}},"type":"if","locations":[{"start":{"line":2,"column":4},"end":{"line":4,"column":5}},{"start":{},"end":{}}],"line":2},"1":{"loc":{"start":{"line":6,"column":4},"end":{"line":12,"column":5}},"type":"if","locations":[{"start":{"line":6,"column":4},"end":{"line":12,"column":5}},{"start":{},"end":{}}],"line":6},"2":{"loc":{"start":{"line":14,"column":4},"end":{"line":20,"column":5}},"type":"if","locations":[{"start":{"line":14,"column":4},"end":{"line":20,"column":5}},{"start":{},"end":{}}],"line":14}},"s":{"0":0,"1":0,"2":0,"3":0,"4":0,"5":0,"6":0},"f":{"0":0},"b":{"0":[0,0],"1":[0,0],"2":[0,0]}}
,"/Users/joshrutta/Desktop/fullstackopen/part5/blog-list-frontend/src/components/Togglable.js": {"path":"/Users/joshrutta/Desktop/fullstackopen/part5/blog-list-frontend/src/components/Togglable.js","statementMap":{"0":{"start":{"line":4,"column":18},"end":{"line":29,"column":2}},"1":{"start":{"line":5,"column":34},"end":{"line":5,"column":49}},"2":{"start":{"line":7,"column":28},"end":{"line":7,"column":62}},"3":{"start":{"line":8,"column":28},"end":{"line":8,"column":62}},"4":{"start":{"line":10,"column":29},"end":{"line":12,"column":5}},"5":{"start":{"line":11,"column":8},"end":{"line":11,"column":28}},"6":{"start":{"line":14,"column":4},"end":{"line":16,"column":6}},"7":{"start":{"line":15,"column":8},"end":{"line":15,"column":35}},"8":{"start":{"line":18,"column":4},"end":{"line":28,"column":5}},"9":{"start":{"line":31,"column":0},"end":{"line":33,"column":1}},"10":{"start":{"line":35,"column":0},"end":{"line":35,"column":35}}},"fnMap":{"0":{"name":"(anonymous_0)","decl":{"start":{"line":4,"column":29},"end":{"line":4,"column":30}},"loc":{"start":{"line":4,"column":46},"end":{"line":29,"column":1}},"line":4},"1":{"name":"(anonymous_1)","decl":{"start":{"line":10,"column":29},"end":{"line":10,"column":30}},"loc":{"start":{"line":10,"column":35},"end":{"line":12,"column":5}},"line":10},"2":{"name":"(anonymous_2)","decl":{"start":{"line":14,"column":30},"end":{"line":14,"column":31}},"loc":{"start":{"line":14,"column":36},"end":{"line":16,"column":5}},"line":14}},"branchMap":{"0":{"loc":{"start":{"line":7,"column":39},"end":{"line":7,"column":60}},"type":"cond-expr","locations":[{"start":{"line":7,"column":49},"end":{"line":7,"column":55}},{"start":{"line":7,"column":58},"end":{"line":7,"column":60}}],"line":7},"1":{"loc":{"start":{"line":8,"column":39},"end":{"line":8,"column":60}},"type":"cond-expr","locations":[{"start":{"line":8,"column":49},"end":{"line":8,"column":51}},{"start":{"line":8,"column":54},"end":{"line":8,"column":60}}],"line":8}},"s":{"0":0,"1":0,"2":0,"3":0,"4":0,"5":0,"6":0,"7":0,"8":0,"9":0,"10":0},"f":{"0":0,"1":0,"2":0},"b":{"0":[0,0],"1":[0,0]}}
,"/Users/joshrutta/Desktop/fullstackopen/part5/blog-list-frontend/src/services/blogs.js": {"path":"/Users/joshrutta/Desktop/fullstackopen/part5/blog-list-frontend/src/services/blogs.js","statementMap":{"0":{"start":{"line":2,"column":16},"end":{"line":2,"column":28}},"1":{"start":{"line":4,"column":12},"end":{"line":4,"column":16}},"2":{"start":{"line":6,"column":17},"end":{"line":8,"column":1}},"3":{"start":{"line":7,"column":4},"end":{"line":7,"column":32}},"4":{"start":{"line":10,"column":15},"end":{"line":13,"column":1}},"5":{"start":{"line":11,"column":21},"end":{"line":11,"column":45}},"6":{"start":{"line":12,"column":4},"end":{"line":12,"column":24}},"7":{"start":{"line":15,"column":15},"end":{"line":19,"column":1}},"8":{"start":{"line":16,"column":19},"end":{"line":16,"column":56}},"9":{"start":{"line":17,"column":21},"end":{"line":17,"column":65}},"10":{"start":{"line":18,"column":4},"end":{"line":18,"column":24}},"11":{"start":{"line":21,"column":15},"end":{"line":24,"column":1}},"12":{"start":{"line":22,"column":21},"end":{"line":22,"column":67}},"13":{"start":{"line":23,"column":4},"end":{"line":23,"column":24}},"14":{"start":{"line":26,"column":15},"end":{"line":31,"column":1}},"15":{"start":{"line":27,"column":19},"end":{"line":27,"column":56}},"16":{"start":{"line":28,"column":21},"end":{"line":28,"column":67}},"17":{"start":{"line":29,"column":4},"end":{"line":29,"column":53}},"18":{"start":{"line":30,"column":4},"end":{"line":30,"column":24}}},"fnMap":{"0":{"name":"(anonymous_0)","decl":{"start":{"line":6,"column":17},"end":{"line":6,"column":18}},"loc":{"start":{"line":6,"column":29},"end":{"line":8,"column":1}},"line":6},"1":{"name":"(anonymous_1)","decl":{"start":{"line":10,"column":15},"end":{"line":10,"column":16}},"loc":{"start":{"line":10,"column":27},"end":{"line":13,"column":1}},"line":10},"2":{"name":"(anonymous_2)","decl":{"start":{"line":15,"column":15},"end":{"line":15,"column":16}},"loc":{"start":{"line":15,"column":34},"end":{"line":19,"column":1}},"line":15},"3":{"name":"(anonymous_3)","decl":{"start":{"line":21,"column":15},"end":{"line":21,"column":16}},"loc":{"start":{"line":21,"column":40},"end":{"line":24,"column":1}},"line":21},"4":{"name":"(anonymous_4)","decl":{"start":{"line":26,"column":15},"end":{"line":26,"column":16}},"loc":{"start":{"line":26,"column":29},"end":{"line":31,"column":1}},"line":26}},"branchMap":{},"s":{"0":0,"1":0,"2":0,"3":0,"4":0,"5":0,"6":0,"7":0,"8":0,"9":0,"10":0,"11":0,"12":0,"13":0,"14":0,"15":0,"16":0,"17":0,"18":0},"f":{"0":0,"1":0,"2":0,"3":0,"4":0},"b":{}}
,"/Users/joshrutta/Desktop/fullstackopen/part5/blog-list-frontend/src/services/login.js": {"path":"/Users/joshrutta/Desktop/fullstackopen/part5/blog-list-frontend/src/services/login.js","statementMap":{"0":{"start":{"line":2,"column":16},"end":{"line":2,"column":28}},"1":{"start":{"line":4,"column":14},"end":{"line":7,"column":1}},"2":{"start":{"line":5,"column":21},"end":{"line":5,"column":59}},"3":{"start":{"line":6,"column":4},"end":{"line":6,"column":24}}},"fnMap":{"0":{"name":"(anonymous_0)","decl":{"start":{"line":4,"column":14},"end":{"line":4,"column":15}},"loc":{"start":{"line":4,"column":35},"end":{"line":7,"column":1}},"line":4}},"branchMap":{},"s":{"0":0,"1":0,"2":0,"3":0},"f":{"0":0},"b":{}}
}
